{"/Users/neosoft/Documents/React-native/jesttestcase/src/components/ProgressBarView.tsx": {"path":"/Users/neosoft/Documents/React-native/jesttestcase/src/components/ProgressBarView.tsx","statementMap":{"0":{"start":{"line":17,"column":4},"end":{"line":17,"column":17}},"1":{"start":{"line":21,"column":35},"end":{"line":21,"column":51}},"2":{"start":{"line":22,"column":4},"end":{"line":43,"column":5}},"3":{"start":{"line":23,"column":6},"end":{"line":40,"column":8}},"4":{"start":{"line":42,"column":6},"end":{"line":42,"column":22}},"5":{"start":{"line":47,"column":15},"end":{"line":52,"column":2}}},"fnMap":{"0":{"name":"(anonymous_0)","decl":{"start":{"line":16,"column":2},"end":{"line":16,"column":3}},"loc":{"start":{"line":16,"column":28},"end":{"line":18,"column":3}},"line":16},"1":{"name":"(anonymous_1)","decl":{"start":{"line":20,"column":2},"end":{"line":20,"column":3}},"loc":{"start":{"line":20,"column":11},"end":{"line":44,"column":3}},"line":20}},"branchMap":{"0":{"loc":{"start":{"line":21,"column":35},"end":{"line":21,"column":51}},"type":"binary-expr","locations":[{"start":{"line":21,"column":35},"end":{"line":21,"column":45}},{"start":{"line":21,"column":49},"end":{"line":21,"column":51}}],"line":21},"1":{"loc":{"start":{"line":22,"column":4},"end":{"line":43,"column":5}},"type":"if","locations":[{"start":{"line":22,"column":4},"end":{"line":43,"column":5}},{"start":{"line":41,"column":11},"end":{"line":43,"column":5}}],"line":22},"2":{"loc":{"start":{"line":33,"column":13},"end":{"line":37,"column":13}},"type":"binary-expr","locations":[{"start":{"line":33,"column":13},"end":{"line":33,"column":24}},{"start":{"line":34,"column":14},"end":{"line":36,"column":21}}],"line":33}},"s":{"0":0,"1":0,"2":0,"3":0,"4":0,"5":1},"f":{"0":0,"1":0},"b":{"0":[0,0],"1":[0,0],"2":[0,0]},"_coverageSchema":"1a1c01bbd47fc00a2c39e90264f33305004495a9","hash":"a2f3c9cd90968bf8f9e1dea556309a3b6a51ba28"}
,"/Users/neosoft/Documents/React-native/jesttestcase/src/components/common/Button/button.tsx": {"path":"/Users/neosoft/Documents/React-native/jesttestcase/src/components/common/Button/button.tsx","statementMap":{"0":{"start":{"line":19,"column":42},"end":{"line":61,"column":1}},"1":{"start":{"line":31,"column":6},"end":{"line":31,"column":11}},"2":{"start":{"line":32,"column":2},"end":{"line":60,"column":4}},"3":{"start":{"line":63,"column":15},"end":{"line":91,"column":2}}},"fnMap":{"0":{"name":"(anonymous_0)","decl":{"start":{"line":19,"column":42},"end":{"line":19,"column":43}},"loc":{"start":{"line":19,"column":64},"end":{"line":61,"column":1}},"line":19}},"branchMap":{"0":{"loc":{"start":{"line":42,"column":12},"end":{"line":42,"column":56}},"type":"cond-expr","locations":[{"start":{"line":42,"column":26},"end":{"line":42,"column":49}},{"start":{"line":42,"column":52},"end":{"line":42,"column":56}}],"line":42},"1":{"loc":{"start":{"line":43,"column":12},"end":{"line":43,"column":53}},"type":"cond-expr","locations":[{"start":{"line":43,"column":27},"end":{"line":43,"column":46}},{"start":{"line":43,"column":49},"end":{"line":43,"column":53}}],"line":43},"2":{"loc":{"start":{"line":51,"column":14},"end":{"line":51,"column":58}},"type":"cond-expr","locations":[{"start":{"line":51,"column":28},"end":{"line":51,"column":51}},{"start":{"line":51,"column":54},"end":{"line":51,"column":58}}],"line":51}},"s":{"0":1,"1":0,"2":0,"3":1},"f":{"0":0},"b":{"0":[0,0],"1":[0,0],"2":[0,0]},"_coverageSchema":"1a1c01bbd47fc00a2c39e90264f33305004495a9","hash":"62868fdfb95717cfd03bde4a432b919c24552aff"}
,"/Users/neosoft/Documents/React-native/jesttestcase/src/components/common/Button/style.ts": {"path":"/Users/neosoft/Documents/React-native/jesttestcase/src/components/common/Button/style.ts","statementMap":{"0":{"start":{"line":4,"column":21},"end":{"line":19,"column":2}}},"fnMap":{},"branchMap":{},"s":{"0":1},"f":{},"b":{},"_coverageSchema":"1a1c01bbd47fc00a2c39e90264f33305004495a9","hash":"1a629e269c8524ceb161013c3fd8755ff1ae209c"}
,"/Users/neosoft/Documents/React-native/jesttestcase/src/components/common/EditTextInput/index.tsx": {"path":"/Users/neosoft/Documents/React-native/jesttestcase/src/components/common/EditTextInput/index.tsx","statementMap":{"0":{"start":{"line":5,"column":26},"end":{"line":5,"column":50}},"1":{"start":{"line":41,"column":4},"end":{"line":41,"column":17}},"2":{"start":{"line":51,"column":62},"end":{"line":51,"column":72}},"3":{"start":{"line":52,"column":4},"end":{"line":52,"column":36}},"4":{"start":{"line":53,"column":4},"end":{"line":197,"column":6}},"5":{"start":{"line":201,"column":0},"end":{"line":203,"column":1}},"6":{"start":{"line":205,"column":15},"end":{"line":213,"column":2}}},"fnMap":{"0":{"name":"(anonymous_0)","decl":{"start":{"line":40,"column":2},"end":{"line":40,"column":3}},"loc":{"start":{"line":40,"column":21},"end":{"line":42,"column":3}},"line":40},"1":{"name":"(anonymous_1)","decl":{"start":{"line":43,"column":2},"end":{"line":43,"column":3}},"loc":{"start":{"line":43,"column":11},"end":{"line":198,"column":3}},"line":43}},"branchMap":{"0":{"loc":{"start":{"line":57,"column":9},"end":{"line":59,"column":15}},"type":"binary-expr","locations":[{"start":{"line":57,"column":9},"end":{"line":57,"column":14}},{"start":{"line":57,"column":18},"end":{"line":59,"column":15}}],"line":57},"1":{"loc":{"start":{"line":61,"column":9},"end":{"line":187,"column":13}},"type":"cond-expr","locations":[{"start":{"line":62,"column":10},"end":{"line":128,"column":13}},{"start":{"line":130,"column":10},"end":{"line":187,"column":13}}],"line":61},"2":{"loc":{"start":{"line":101,"column":31},"end":{"line":101,"column":57}},"type":"cond-expr","locations":[{"start":{"line":101,"column":43},"end":{"line":101,"column":52}},{"start":{"line":101,"column":55},"end":{"line":101,"column":57}}],"line":101},"3":{"loc":{"start":{"line":101,"column":92},"end":{"line":101,"column":118}},"type":"cond-expr","locations":[{"start":{"line":101,"column":104},"end":{"line":101,"column":113}},{"start":{"line":101,"column":116},"end":{"line":101,"column":118}}],"line":101},"4":{"loc":{"start":{"line":105,"column":27},"end":{"line":105,"column":64}},"type":"cond-expr","locations":[{"start":{"line":105,"column":47},"end":{"line":105,"column":54}},{"start":{"line":105,"column":57},"end":{"line":105,"column":64}}],"line":105},"5":{"loc":{"start":{"line":115,"column":15},"end":{"line":126,"column":15}},"type":"binary-expr","locations":[{"start":{"line":115,"column":15},"end":{"line":115,"column":31}},{"start":{"line":115,"column":35},"end":{"line":115,"column":57}},{"start":{"line":116,"column":16},"end":{"line":125,"column":23}}],"line":115},"6":{"loc":{"start":{"line":162,"column":29},"end":{"line":162,"column":55}},"type":"cond-expr","locations":[{"start":{"line":162,"column":41},"end":{"line":162,"column":50}},{"start":{"line":162,"column":53},"end":{"line":162,"column":55}}],"line":162},"7":{"loc":{"start":{"line":162,"column":116},"end":{"line":162,"column":142}},"type":"cond-expr","locations":[{"start":{"line":162,"column":128},"end":{"line":162,"column":137}},{"start":{"line":162,"column":140},"end":{"line":162,"column":142}}],"line":162},"8":{"loc":{"start":{"line":168,"column":25},"end":{"line":168,"column":73}},"type":"cond-expr","locations":[{"start":{"line":168,"column":56},"end":{"line":168,"column":63}},{"start":{"line":168,"column":66},"end":{"line":168,"column":73}}],"line":168},"9":{"loc":{"start":{"line":174,"column":15},"end":{"line":184,"column":15}},"type":"binary-expr","locations":[{"start":{"line":174,"column":15},"end":{"line":174,"column":31}},{"start":{"line":174,"column":35},"end":{"line":174,"column":57}},{"start":{"line":175,"column":16},"end":{"line":183,"column":23}}],"line":174}},"s":{"0":1,"1":0,"2":0,"3":0,"4":0,"5":1,"6":1},"f":{"0":0,"1":0},"b":{"0":[0,0],"1":[0,0],"2":[0,0],"3":[0,0],"4":[0,0],"5":[0,0,0],"6":[0,0],"7":[0,0],"8":[0,0],"9":[0,0,0]},"_coverageSchema":"1a1c01bbd47fc00a2c39e90264f33305004495a9","hash":"4138ad8afd69da4d004ec465ef327c033277f78b"}
,"/Users/neosoft/Documents/React-native/jesttestcase/src/constants/theme/Color.ts": {"path":"/Users/neosoft/Documents/React-native/jesttestcase/src/constants/theme/Color.ts","statementMap":{"0":{"start":{"line":2,"column":14},"end":{"line":21,"column":1}}},"fnMap":{},"branchMap":{},"s":{"0":1},"f":{},"b":{},"_coverageSchema":"1a1c01bbd47fc00a2c39e90264f33305004495a9","hash":"481b693c486e8ff0e5cd63d66c2a669c4b574c96"}
,"/Users/neosoft/Documents/React-native/jesttestcase/src/constants/theme/Size.ts": {"path":"/Users/neosoft/Documents/React-native/jesttestcase/src/constants/theme/Size.ts","statementMap":{"0":{"start":{"line":1,"column":13},"end":{"line":5,"column":1}},"1":{"start":{"line":7,"column":13},"end":{"line":16,"column":1}}},"fnMap":{},"branchMap":{},"s":{"0":1,"1":1},"f":{},"b":{},"_coverageSchema":"1a1c01bbd47fc00a2c39e90264f33305004495a9","hash":"5c9ff90af7f12e2abca3424cf13bd1e1e0aea5db"}
,"/Users/neosoft/Documents/React-native/jesttestcase/src/constants/theme/Style.ts": {"path":"/Users/neosoft/Documents/React-native/jesttestcase/src/constants/theme/Style.ts","statementMap":{"0":{"start":{"line":8,"column":14},"end":{"line":187,"column":2}}},"fnMap":{},"branchMap":{},"s":{"0":1},"f":{},"b":{},"_coverageSchema":"1a1c01bbd47fc00a2c39e90264f33305004495a9","hash":"ff4c968202c8d9c7d2ecb587c45923884d1dee20"}
,"/Users/neosoft/Documents/React-native/jesttestcase/src/screens/auth/signup.tsx": {"path":"/Users/neosoft/Documents/React-native/jesttestcase/src/screens/auth/signup.tsx","statementMap":{"0":{"start":{"line":17,"column":35},"end":{"line":134,"column":1}},"1":{"start":{"line":18,"column":28},"end":{"line":18,"column":40}},"2":{"start":{"line":19,"column":32},"end":{"line":19,"column":44}},"3":{"start":{"line":20,"column":40},"end":{"line":20,"column":55}},"4":{"start":{"line":22,"column":26},"end":{"line":27,"column":5}},"5":{"start":{"line":23,"column":8},"end":{"line":23,"column":46}},"6":{"start":{"line":24,"column":8},"end":{"line":24,"column":43}},"7":{"start":{"line":25,"column":8},"end":{"line":25,"column":27}},"8":{"start":{"line":29,"column":21},"end":{"line":45,"column":5}},"9":{"start":{"line":30,"column":21},"end":{"line":30,"column":23}},"10":{"start":{"line":31,"column":53},"end":{"line":31,"column":57}},"11":{"start":{"line":33,"column":26},"end":{"line":33,"column":81}},"12":{"start":{"line":34,"column":30},"end":{"line":34,"column":44}},"13":{"start":{"line":37,"column":8},"end":{"line":38,"column":78}},"14":{"start":{"line":37,"column":29},"end":{"line":37,"column":73}},"15":{"start":{"line":38,"column":13},"end":{"line":38,"column":78}},"16":{"start":{"line":38,"column":31},"end":{"line":38,"column":78}},"17":{"start":{"line":40,"column":8},"end":{"line":40,"column":81}},"18":{"start":{"line":40,"column":31},"end":{"line":40,"column":81}},"19":{"start":{"line":41,"column":8},"end":{"line":41,"column":96}},"20":{"start":{"line":41,"column":31},"end":{"line":41,"column":96}},"21":{"start":{"line":42,"column":8},"end":{"line":42,"column":107}},"22":{"start":{"line":42,"column":42},"end":{"line":42,"column":107}},"23":{"start":{"line":44,"column":8},"end":{"line":44,"column":22}},"24":{"start":{"line":47,"column":19},"end":{"line":79,"column":5}},"25":{"start":{"line":48,"column":21},"end":{"line":48,"column":31}},"26":{"start":{"line":49,"column":8},"end":{"line":49,"column":38}},"27":{"start":{"line":50,"column":8},"end":{"line":50,"column":55}},"28":{"start":{"line":50,"column":30},"end":{"line":50,"column":55}},"29":{"start":{"line":51,"column":8},"end":{"line":51,"column":27}},"30":{"start":{"line":52,"column":8},"end":{"line":77,"column":15}},"31":{"start":{"line":55,"column":16},"end":{"line":55,"column":36}},"32":{"start":{"line":56,"column":16},"end":{"line":63,"column":17}},"33":{"start":{"line":64,"column":16},"end":{"line":64,"column":65}},"34":{"start":{"line":67,"column":16},"end":{"line":67,"column":36}},"35":{"start":{"line":68,"column":16},"end":{"line":70,"column":17}},"36":{"start":{"line":69,"column":20},"end":{"line":69,"column":73}},"37":{"start":{"line":72,"column":16},"end":{"line":74,"column":17}},"38":{"start":{"line":73,"column":20},"end":{"line":73,"column":66}},"39":{"start":{"line":76,"column":16},"end":{"line":76,"column":37}},"40":{"start":{"line":80,"column":4},"end":{"line":133,"column":6}},"41":{"start":{"line":95,"column":49},"end":{"line":95,"column":78}},"42":{"start":{"line":106,"column":49},"end":{"line":106,"column":81}},"43":{"start":{"line":117,"column":49},"end":{"line":117,"column":88}},"44":{"start":{"line":124,"column":56},"end":{"line":124,"column":64}},"45":{"start":{"line":126,"column":66},"end":{"line":126,"column":100}},"46":{"start":{"line":136,"column":15},"end":{"line":170,"column":2}}},"fnMap":{"0":{"name":"(anonymous_0)","decl":{"start":{"line":17,"column":35},"end":{"line":17,"column":36}},"loc":{"start":{"line":17,"column":46},"end":{"line":134,"column":1}},"line":17},"1":{"name":"(anonymous_1)","decl":{"start":{"line":22,"column":26},"end":{"line":22,"column":27}},"loc":{"start":{"line":22,"column":42},"end":{"line":27,"column":5}},"line":22},"2":{"name":"(anonymous_2)","decl":{"start":{"line":29,"column":21},"end":{"line":29,"column":22}},"loc":{"start":{"line":29,"column":27},"end":{"line":45,"column":5}},"line":29},"3":{"name":"(anonymous_3)","decl":{"start":{"line":47,"column":19},"end":{"line":47,"column":20}},"loc":{"start":{"line":47,"column":25},"end":{"line":79,"column":5}},"line":47},"4":{"name":"(anonymous_4)","decl":{"start":{"line":54,"column":18},"end":{"line":54,"column":19}},"loc":{"start":{"line":54,"column":24},"end":{"line":65,"column":13}},"line":54},"5":{"name":"(anonymous_5)","decl":{"start":{"line":66,"column":19},"end":{"line":66,"column":20}},"loc":{"start":{"line":66,"column":28},"end":{"line":77,"column":13}},"line":66},"6":{"name":"(anonymous_6)","decl":{"start":{"line":95,"column":30},"end":{"line":95,"column":31}},"loc":{"start":{"line":95,"column":49},"end":{"line":95,"column":78}},"line":95},"7":{"name":"(anonymous_7)","decl":{"start":{"line":106,"column":30},"end":{"line":106,"column":31}},"loc":{"start":{"line":106,"column":49},"end":{"line":106,"column":81}},"line":106},"8":{"name":"(anonymous_8)","decl":{"start":{"line":117,"column":30},"end":{"line":117,"column":31}},"loc":{"start":{"line":117,"column":49},"end":{"line":117,"column":88}},"line":117},"9":{"name":"(anonymous_9)","decl":{"start":{"line":124,"column":50},"end":{"line":124,"column":51}},"loc":{"start":{"line":124,"column":56},"end":{"line":124,"column":64}},"line":124},"10":{"name":"(anonymous_10)","decl":{"start":{"line":126,"column":60},"end":{"line":126,"column":61}},"loc":{"start":{"line":126,"column":66},"end":{"line":126,"column":100}},"line":126}},"branchMap":{"0":{"loc":{"start":{"line":37,"column":8},"end":{"line":38,"column":78}},"type":"if","locations":[{"start":{"line":37,"column":8},"end":{"line":38,"column":78}},{"start":{"line":38,"column":13},"end":{"line":38,"column":78}}],"line":37},"1":{"loc":{"start":{"line":38,"column":13},"end":{"line":38,"column":78}},"type":"if","locations":[{"start":{"line":38,"column":13},"end":{"line":38,"column":78}},{"start":{},"end":{}}],"line":38},"2":{"loc":{"start":{"line":40,"column":8},"end":{"line":40,"column":81}},"type":"if","locations":[{"start":{"line":40,"column":8},"end":{"line":40,"column":81}},{"start":{},"end":{}}],"line":40},"3":{"loc":{"start":{"line":41,"column":8},"end":{"line":41,"column":96}},"type":"if","locations":[{"start":{"line":41,"column":8},"end":{"line":41,"column":96}},{"start":{},"end":{}}],"line":41},"4":{"loc":{"start":{"line":42,"column":8},"end":{"line":42,"column":107}},"type":"if","locations":[{"start":{"line":42,"column":8},"end":{"line":42,"column":107}},{"start":{},"end":{}}],"line":42},"5":{"loc":{"start":{"line":50,"column":8},"end":{"line":50,"column":55}},"type":"if","locations":[{"start":{"line":50,"column":8},"end":{"line":50,"column":55}},{"start":{},"end":{}}],"line":50},"6":{"loc":{"start":{"line":68,"column":16},"end":{"line":70,"column":17}},"type":"if","locations":[{"start":{"line":68,"column":16},"end":{"line":70,"column":17}},{"start":{},"end":{}}],"line":68},"7":{"loc":{"start":{"line":72,"column":16},"end":{"line":74,"column":17}},"type":"if","locations":[{"start":{"line":72,"column":16},"end":{"line":74,"column":17}},{"start":{},"end":{}}],"line":72},"8":{"loc":{"start":{"line":94,"column":28},"end":{"line":94,"column":54}},"type":"binary-expr","locations":[{"start":{"line":94,"column":28},"end":{"line":94,"column":44}},{"start":{"line":94,"column":48},"end":{"line":94,"column":54}}],"line":94},"9":{"loc":{"start":{"line":105,"column":28},"end":{"line":105,"column":54}},"type":"binary-expr","locations":[{"start":{"line":105,"column":28},"end":{"line":105,"column":44}},{"start":{"line":105,"column":48},"end":{"line":105,"column":54}}],"line":105},"10":{"loc":{"start":{"line":116,"column":28},"end":{"line":116,"column":54}},"type":"binary-expr","locations":[{"start":{"line":116,"column":28},"end":{"line":116,"column":44}},{"start":{"line":116,"column":48},"end":{"line":116,"column":54}}],"line":116}},"s":{"0":1,"1":1,"2":1,"3":1,"4":1,"5":0,"6":0,"7":0,"8":1,"9":0,"10":0,"11":0,"12":0,"13":0,"14":0,"15":0,"16":0,"17":0,"18":0,"19":0,"20":0,"21":0,"22":0,"23":0,"24":1,"25":0,"26":0,"27":0,"28":0,"29":0,"30":0,"31":0,"32":0,"33":0,"34":0,"35":0,"36":0,"37":0,"38":0,"39":0,"40":1,"41":0,"42":0,"43":0,"44":0,"45":0,"46":1},"f":{"0":1,"1":0,"2":0,"3":0,"4":0,"5":0,"6":0,"7":0,"8":0,"9":0,"10":0},"b":{"0":[0,0],"1":[0,0],"2":[0,0],"3":[0,0],"4":[0,0],"5":[0,0],"6":[0,0],"7":[0,0],"8":[1,0],"9":[1,0],"10":[1,0]},"_coverageSchema":"1a1c01bbd47fc00a2c39e90264f33305004495a9","hash":"67738fca87cdecafce61545e503851157b9c0fe7"}
}
