TN:
SF:src/components/ProgressBarView.tsx
FN:16,(anonymous_0)
FN:20,(anonymous_1)
FNF:2
FNH:0
FNDA:0,(anonymous_0)
FNDA:0,(anonymous_1)
DA:17,0
DA:21,0
DA:22,0
DA:23,0
DA:42,0
DA:47,1
LF:6
LH:1
BRDA:21,0,0,0
BRDA:21,0,1,0
BRDA:22,1,0,0
BRDA:22,1,1,0
BRDA:33,2,0,0
BRDA:33,2,1,0
BRF:6
BRH:0
end_of_record
TN:
SF:src/components/common/Button/button.tsx
FN:19,(anonymous_0)
FNF:1
FNH:0
FNDA:0,(anonymous_0)
DA:19,1
DA:31,0
DA:32,0
DA:63,1
LF:4
LH:2
BRDA:42,0,0,0
BRDA:42,0,1,0
BRDA:43,1,0,0
BRDA:43,1,1,0
BRDA:51,2,0,0
BRDA:51,2,1,0
BRF:6
BRH:0
end_of_record
TN:
SF:src/components/common/Button/style.ts
FNF:0
FNH:0
DA:4,1
LF:1
LH:1
BRF:0
BRH:0
end_of_record
TN:
SF:src/components/common/EditTextInput/index.tsx
FN:40,(anonymous_0)
FN:43,(anonymous_1)
FNF:2
FNH:0
FNDA:0,(anonymous_0)
FNDA:0,(anonymous_1)
DA:5,1
DA:41,0
DA:51,0
DA:52,0
DA:53,0
DA:201,1
DA:205,1
LF:7
LH:3
BRDA:57,0,0,0
BRDA:57,0,1,0
BRDA:61,1,0,0
BRDA:61,1,1,0
BRDA:101,2,0,0
BRDA:101,2,1,0
BRDA:101,3,0,0
BRDA:101,3,1,0
BRDA:105,4,0,0
BRDA:105,4,1,0
BRDA:115,5,0,0
BRDA:115,5,1,0
BRDA:115,5,2,0
BRDA:162,6,0,0
BRDA:162,6,1,0
BRDA:162,7,0,0
BRDA:162,7,1,0
BRDA:168,8,0,0
BRDA:168,8,1,0
BRDA:174,9,0,0
BRDA:174,9,1,0
BRDA:174,9,2,0
BRF:22
BRH:0
end_of_record
TN:
SF:src/constants/theme/Color.ts
FNF:0
FNH:0
DA:2,1
LF:1
LH:1
BRF:0
BRH:0
end_of_record
TN:
SF:src/constants/theme/Size.ts
FNF:0
FNH:0
DA:1,1
DA:7,1
LF:2
LH:2
BRF:0
BRH:0
end_of_record
TN:
SF:src/constants/theme/Style.ts
FNF:0
FNH:0
DA:8,1
LF:1
LH:1
BRF:0
BRH:0
end_of_record
TN:
SF:src/screens/auth/signup.tsx
FN:17,(anonymous_0)
FN:22,(anonymous_1)
FN:29,(anonymous_2)
FN:47,(anonymous_3)
FN:54,(anonymous_4)
FN:66,(anonymous_5)
FN:95,(anonymous_6)
FN:106,(anonymous_7)
FN:117,(anonymous_8)
FN:124,(anonymous_9)
FN:126,(anonymous_10)
FNF:11
FNH:1
FNDA:1,(anonymous_0)
FNDA:0,(anonymous_1)
FNDA:0,(anonymous_2)
FNDA:0,(anonymous_3)
FNDA:0,(anonymous_4)
FNDA:0,(anonymous_5)
FNDA:0,(anonymous_6)
FNDA:0,(anonymous_7)
FNDA:0,(anonymous_8)
FNDA:0,(anonymous_9)
FNDA:0,(anonymous_10)
DA:17,1
DA:18,1
DA:19,1
DA:20,1
DA:22,1
DA:23,0
DA:24,0
DA:25,0
DA:29,1
DA:30,0
DA:31,0
DA:33,0
DA:34,0
DA:37,0
DA:38,0
DA:40,0
DA:41,0
DA:42,0
DA:44,0
DA:47,1
DA:48,0
DA:49,0
DA:50,0
DA:51,0
DA:52,0
DA:55,0
DA:56,0
DA:64,0
DA:67,0
DA:68,0
DA:69,0
DA:72,0
DA:73,0
DA:76,0
DA:80,1
DA:95,0
DA:106,0
DA:117,0
DA:124,0
DA:126,0
DA:136,1
LF:41
LH:9
BRDA:37,0,0,0
BRDA:37,0,1,0
BRDA:38,1,0,0
BRDA:38,1,1,0
BRDA:40,2,0,0
BRDA:40,2,1,0
BRDA:41,3,0,0
BRDA:41,3,1,0
BRDA:42,4,0,0
BRDA:42,4,1,0
BRDA:50,5,0,0
BRDA:50,5,1,0
BRDA:68,6,0,0
BRDA:68,6,1,0
BRDA:72,7,0,0
BRDA:72,7,1,0
BRDA:94,8,0,1
BRDA:94,8,1,0
BRDA:105,9,0,1
BRDA:105,9,1,0
BRDA:116,10,0,1
BRDA:116,10,1,0
BRF:22
BRH:3
end_of_record
